  pch.cpp
  inference.cpp
c:\opencv\build\include\opencv2\core.hpp(1743): warning C4819: 현재 코드 페이지(949)에서 표시할 수 없는 문자가 파일에 들어 있습니다. 데이터가 손실되지 않게 하려면 해당 파일을 유니코드 형식으로 저장하십시오.
c:\opencv\build\include\opencv2\core.hpp(1744): warning C4819: 현재 코드 페이지(949)에서 표시할 수 없는 문자가 파일에 들어 있습니다. 데이터가 손실되지 않게 하려면 해당 파일을 유니코드 형식으로 저장하십시오.
c:\opencv\build\include\opencv2\core.hpp(1744): warning C4819: 현재 코드 페이지(949)에서 표시할 수 없는 문자가 파일에 들어 있습니다. 데이터가 손실되지 않게 하려면 해당 파일을 유니코드 형식으로 저장하십시오.
c:\users\jiyoung\desktop\kvn\mfc_yolov8_video\mfc_yolov8\inference.h(44): warning C4305: '초기화 중': 'double'에서 'float'(으)로 잘립니다.
c:\users\jiyoung\desktop\kvn\mfc_yolov8_video\mfc_yolov8\inference.cpp(58): warning C4267: '인수': 'size_t'에서 'int'(으)로 변환하면서 데이터가 손실될 수 있습니다.
c:\users\jiyoung\desktop\kvn\mfc_yolov8_video\mfc_yolov8\inference.cpp(66): warning C4244: '인수': 'double'에서 'const _Ty'(으)로 변환하면서 데이터가 손실될 수 있습니다.
          with
          [
              _Ty=float
          ]
c:\users\jiyoung\desktop\kvn\mfc_yolov8_video\mfc_yolov8\inference.cpp(91): warning C4267: '인수': 'size_t'에서 'int'(으)로 변환하면서 데이터가 손실될 수 있습니다.
  MFC_yolov8.cpp
c:\opencv\build\include\opencv2\core.hpp(1743): warning C4819: 현재 코드 페이지(949)에서 표시할 수 없는 문자가 파일에 들어 있습니다. 데이터가 손실되지 않게 하려면 해당 파일을 유니코드 형식으로 저장하십시오.
c:\opencv\build\include\opencv2\core.hpp(1744): warning C4819: 현재 코드 페이지(949)에서 표시할 수 없는 문자가 파일에 들어 있습니다. 데이터가 손실되지 않게 하려면 해당 파일을 유니코드 형식으로 저장하십시오.
c:\opencv\build\include\opencv2\core.hpp(1744): warning C4819: 현재 코드 페이지(949)에서 표시할 수 없는 문자가 파일에 들어 있습니다. 데이터가 손실되지 않게 하려면 해당 파일을 유니코드 형식으로 저장하십시오.
  MFC_yolov8Dlg.cpp
c:\opencv\build\include\opencv2\core.hpp(1743): warning C4819: 현재 코드 페이지(949)에서 표시할 수 없는 문자가 파일에 들어 있습니다. 데이터가 손실되지 않게 하려면 해당 파일을 유니코드 형식으로 저장하십시오.
c:\opencv\build\include\opencv2\core.hpp(1744): warning C4819: 현재 코드 페이지(949)에서 표시할 수 없는 문자가 파일에 들어 있습니다. 데이터가 손실되지 않게 하려면 해당 파일을 유니코드 형식으로 저장하십시오.
c:\opencv\build\include\opencv2\core.hpp(1744): warning C4819: 현재 코드 페이지(949)에서 표시할 수 없는 문자가 파일에 들어 있습니다. 데이터가 손실되지 않게 하려면 해당 파일을 유니코드 형식으로 저장하십시오.
c:\users\jiyoung\desktop\kvn\mfc_yolov8_video\mfc_yolov8\inference.h(44): warning C4305: '초기화 중': 'double'에서 'float'(으)로 잘립니다.
c:\users\jiyoung\desktop\kvn\mfc_yolov8_video\mfc_yolov8\mfc_yolov8dlg.cpp(252): warning C4267: '초기화 중': 'size_t'에서 'int'(으)로 변환하면서 데이터가 손실될 수 있습니다.
  코드를 생성하고 있습니다...
  MFC_yolov8.vcxproj -> C:\Users\jiyoung\Desktop\KVN\MFC_yolov8_video\x64\Debug\MFC_yolov8.exe
