c:\users\jiyoung\desktop\kvn\mfc_yolov8_video\mfc_yolov8\x64\debug\mfc_yolov8.pch
c:\users\jiyoung\desktop\kvn\mfc_yolov8_video\mfc_yolov8\x64\debug\vc141.pdb
c:\users\jiyoung\desktop\kvn\mfc_yolov8_video\mfc_yolov8\x64\debug\vc141.idb
c:\users\jiyoung\desktop\kvn\mfc_yolov8_video\mfc_yolov8\x64\debug\pch.obj
c:\users\jiyoung\desktop\kvn\mfc_yolov8_video\mfc_yolov8\x64\debug\mfc_yolov8dlg.obj
c:\users\jiyoung\desktop\kvn\mfc_yolov8_video\mfc_yolov8\x64\debug\mfc_yolov8.obj
c:\users\jiyoung\desktop\kvn\mfc_yolov8_video\mfc_yolov8\x64\debug\inference.obj
c:\users\jiyoung\desktop\kvn\mfc_yolov8_video\x64\debug\mfc_yolov8.exe
c:\users\jiyoung\desktop\kvn\mfc_yolov8_video\x64\debug\mfc_yolov8.ilk
c:\users\jiyoung\desktop\kvn\mfc_yolov8_video\x64\debug\mfc_yolov8.pdb
c:\users\jiyoung\desktop\kvn\mfc_yolov8_video\mfc_yolov8\x64\debug\mfcyolov8.res
c:\users\jiyoung\desktop\kvn\mfc_yolov8_video\mfc_yolov8\x64\debug\mfc_yolov8.tlog\cl.command.1.tlog
c:\users\jiyoung\desktop\kvn\mfc_yolov8_video\mfc_yolov8\x64\debug\mfc_yolov8.tlog\cl.read.1.tlog
c:\users\jiyoung\desktop\kvn\mfc_yolov8_video\mfc_yolov8\x64\debug\mfc_yolov8.tlog\cl.write.1.tlog
c:\users\jiyoung\desktop\kvn\mfc_yolov8_video\mfc_yolov8\x64\debug\mfc_yolov8.tlog\link.command.1.tlog
c:\users\jiyoung\desktop\kvn\mfc_yolov8_video\mfc_yolov8\x64\debug\mfc_yolov8.tlog\link.read.1.tlog
c:\users\jiyoung\desktop\kvn\mfc_yolov8_video\mfc_yolov8\x64\debug\mfc_yolov8.tlog\link.write.1.tlog
c:\users\jiyoung\desktop\kvn\mfc_yolov8_video\mfc_yolov8\x64\debug\mfc_yolov8.tlog\rc.command.1.tlog
c:\users\jiyoung\desktop\kvn\mfc_yolov8_video\mfc_yolov8\x64\debug\mfc_yolov8.tlog\rc.read.1.tlog
c:\users\jiyoung\desktop\kvn\mfc_yolov8_video\mfc_yolov8\x64\debug\mfc_yolov8.tlog\rc.write.1.tlog
