  inference.cpp
c:\opencv\build\include\opencv2\core.hpp(1743): warning C4819: 현재 코드 페이지(949)에서 표시할 수 없는 문자가 파일에 들어 있습니다. 데이터가 손실되지 않게 하려면 해당 파일을 유니코드 형식으로 저장하십시오.
c:\opencv\build\include\opencv2\core.hpp(1744): warning C4819: 현재 코드 페이지(949)에서 표시할 수 없는 문자가 파일에 들어 있습니다. 데이터가 손실되지 않게 하려면 해당 파일을 유니코드 형식으로 저장하십시오.
c:\opencv\build\include\opencv2\core.hpp(1744): warning C4819: 현재 코드 페이지(949)에서 표시할 수 없는 문자가 파일에 들어 있습니다. 데이터가 손실되지 않게 하려면 해당 파일을 유니코드 형식으로 저장하십시오.
c:\users\jiyoung\desktop\kvn\opencv_yolov8_ex\opencv_yolov8_ex\inference.h(43): warning C4305: '초기화 중': 'double'에서 'float'(으)로 잘립니다.
c:\users\jiyoung\desktop\kvn\opencv_yolov8_ex\opencv_yolov8_ex\inference.cpp(57): warning C4267: '인수': 'size_t'에서 'int'(으)로 변환하면서 데이터가 손실될 수 있습니다.
c:\users\jiyoung\desktop\kvn\opencv_yolov8_ex\opencv_yolov8_ex\inference.cpp(65): warning C4244: '인수': 'double'에서 'const _Ty'(으)로 변환하면서 데이터가 손실될 수 있습니다.
          with
          [
              _Ty=float
          ]
c:\users\jiyoung\desktop\kvn\opencv_yolov8_ex\opencv_yolov8_ex\inference.cpp(90): warning C4267: '인수': 'size_t'에서 'int'(으)로 변환하면서 데이터가 손실될 수 있습니다.
  OpenCV_yolov8_Ex.cpp
c:\opencv\build\include\opencv2\core.hpp(1743): warning C4819: 현재 코드 페이지(949)에서 표시할 수 없는 문자가 파일에 들어 있습니다. 데이터가 손실되지 않게 하려면 해당 파일을 유니코드 형식으로 저장하십시오.
c:\opencv\build\include\opencv2\core.hpp(1744): warning C4819: 현재 코드 페이지(949)에서 표시할 수 없는 문자가 파일에 들어 있습니다. 데이터가 손실되지 않게 하려면 해당 파일을 유니코드 형식으로 저장하십시오.
c:\opencv\build\include\opencv2\core.hpp(1744): warning C4819: 현재 코드 페이지(949)에서 표시할 수 없는 문자가 파일에 들어 있습니다. 데이터가 손실되지 않게 하려면 해당 파일을 유니코드 형식으로 저장하십시오.
c:\users\jiyoung\desktop\kvn\opencv_yolov8_ex\opencv_yolov8_ex\inference.h(43): warning C4305: '초기화 중': 'double'에서 'float'(으)로 잘립니다.
c:\users\jiyoung\desktop\kvn\opencv_yolov8_ex\opencv_yolov8_ex\opencv_yolov8_ex.cpp(40): warning C4267: '초기화 중': 'size_t'에서 'int'(으)로 변환하면서 데이터가 손실될 수 있습니다.
c:\users\jiyoung\desktop\kvn\opencv_yolov8_ex\opencv_yolov8_ex\opencv_yolov8_ex.cpp(65): warning C4244: '인수': 'float'에서 '_Tp'(으)로 변환하면서 데이터가 손실될 수 있습니다.
          with
          [
              _Tp=int
          ]
inference.obj : error LNK2001: "public: void __cdecl cv::Mat::copyTo(class cv::_OutputArray const &)const " (?copyTo@Mat@cv@@QEBAXAEBV_OutputArray@2@@Z) 외부 기호를 확인할 수 없습니다.
inference.obj : error LNK2001: "class cv::_InputOutputArray const & __cdecl cv::noArray(void)" (?noArray@cv@@YAAEBV_InputOutputArray@1@XZ) 외부 기호를 확인할 수 없습니다.
inference.obj : error LNK2001: "public: void __cdecl cv::dnn::dnn4_v20230620::Net::setInput(class cv::_InputArray const &,class std::basic_string<char,struct std::char_traits<char>,class std::allocator<char> > const &,double,class cv::Scalar_<double> const &)" (?setInput@Net@dnn4_v20230620@dnn@cv@@QEAAXAEBV_InputArray@4@AEBV?$basic_string@DU?$char_traits@D@std@@V?$allocator@D@2@@std@@NAEBV?$Scalar_@N@4@@Z) 외부 기호를 확인할 수 없습니다.
inference.obj : error LNK2001: "public: void __cdecl cv::dnn::dnn4_v20230620::Net::forward(class cv::_OutputArray const &,class std::vector<class std::basic_string<char,struct std::char_traits<char>,class std::allocator<char> >,class std::allocator<class std::basic_string<char,struct std::char_traits<char>,class std::allocator<char> > > > const &)" (?forward@Net@dnn4_v20230620@dnn@cv@@QEAAXAEBV_OutputArray@4@AEBV?$vector@V?$basic_string@DU?$char_traits@D@std@@V?$allocator@D@2@@std@@V?$allocator@V?$basic_string@DU?$char_traits@D@std@@V?$allocator@D@2@@std@@@2@@std@@@Z) 외부 기호를 확인할 수 없습니다.
inference.obj : error LNK2001: "void __cdecl cv::dnn::dnn4_v20230620::blobFromImage(class cv::_InputArray const &,class cv::_OutputArray const &,double,class cv::Size_<int> const &,class cv::Scalar_<double> const &,bool,bool,int)" (?blobFromImage@dnn4_v20230620@dnn@cv@@YAXAEBV_InputArray@3@AEBV_OutputArray@3@NAEBV?$Size_@H@3@AEBV?$Scalar_@N@3@_N4H@Z) 외부 기호를 확인할 수 없습니다.
inference.obj : error LNK2001: "void __cdecl cv::transpose(class cv::_InputArray const &,class cv::_OutputArray const &)" (?transpose@cv@@YAXAEBV_InputArray@1@AEBV_OutputArray@1@@Z) 외부 기호를 확인할 수 없습니다.
inference.obj : error LNK2001: "void __cdecl cv::minMaxLoc(class cv::_InputArray const &,double *,double *,class cv::Point_<int> *,class cv::Point_<int> *,class cv::_InputArray const &)" (?minMaxLoc@cv@@YAXAEBV_InputArray@1@PEAN1PEAV?$Point_@H@1@20@Z) 외부 기호를 확인할 수 없습니다.
OpenCV_yolov8_Ex.obj : error LNK2001: "void __cdecl cv::imshow(class std::basic_string<char,struct std::char_traits<char>,class std::allocator<char> > const &,class cv::_InputArray const &)" (?imshow@cv@@YAXAEBV?$basic_string@DU?$char_traits@D@std@@V?$allocator@D@2@@std@@AEBV_InputArray@1@@Z) 외부 기호를 확인할 수 없습니다.
OpenCV_yolov8_Ex.obj : error LNK2001: "void __cdecl cv::putText(class cv::_InputOutputArray const &,class std::basic_string<char,struct std::char_traits<char>,class std::allocator<char> > const &,class cv::Point_<int>,int,double,class cv::Scalar_<double>,int,int,bool)" (?putText@cv@@YAXAEBV_InputOutputArray@1@AEBV?$basic_string@DU?$char_traits@D@std@@V?$allocator@D@2@@std@@V?$Point_@H@1@HNV?$Scalar_@N@1@HH_N@Z) 외부 기호를 확인할 수 없습니다.
OpenCV_yolov8_Ex.obj : error LNK2001: "void __cdecl cv::rectangle(class cv::_InputOutputArray const &,class cv::Rect_<int>,class cv::Scalar_<double> const &,int,int,int)" (?rectangle@cv@@YAXAEBV_InputOutputArray@1@V?$Rect_@H@1@AEBV?$Scalar_@N@1@HHH@Z) 외부 기호를 확인할 수 없습니다.
OpenCV_yolov8_Ex.obj : error LNK2001: "void __cdecl cv::resize(class cv::_InputArray const &,class cv::_OutputArray const &,class cv::Size_<int>,double,double,int)" (?resize@cv@@YAXAEBV_InputArray@1@AEBV_OutputArray@1@V?$Size_@H@1@NNH@Z) 외부 기호를 확인할 수 없습니다.
C:\Users\jiyoung\Desktop\KVN\OpenCV_yolov8_Ex\x64\Release\OpenCV_yolov8_Ex.exe : fatal error LNK1120: 11개의 확인할 수 없는 외부 참조입니다.
