c:\users\jiyoung\desktop\kvn\mfc_yolov8\mfc_yolov8\x64\release\mfc_yolov8.pch
c:\users\jiyoung\desktop\kvn\mfc_yolov8\mfc_yolov8\x64\release\vc141.pdb
c:\users\jiyoung\desktop\kvn\mfc_yolov8\mfc_yolov8\x64\release\pch.obj
c:\users\jiyoung\desktop\kvn\mfc_yolov8\mfc_yolov8\x64\release\mfc_yolov8dlg.obj
c:\users\jiyoung\desktop\kvn\mfc_yolov8\mfc_yolov8\x64\release\mfc_yolov8.obj
c:\users\jiyoung\desktop\kvn\mfc_yolov8\mfc_yolov8\x64\release\inference.obj
c:\users\jiyoung\desktop\kvn\mfc_yolov8\x64\release\mfc_yolov8.exe
c:\users\jiyoung\desktop\kvn\mfc_yolov8\x64\release\mfc_yolov8.pdb
c:\users\jiyoung\desktop\kvn\mfc_yolov8\x64\release\mfc_yolov8.ipdb
c:\users\jiyoung\desktop\kvn\mfc_yolov8\x64\release\mfc_yolov8.iobj
c:\users\jiyoung\desktop\kvn\mfc_yolov8\mfc_yolov8\x64\release\mfcyolov8.res
c:\users\jiyoung\desktop\kvn\mfc_yolov8\mfc_yolov8\x64\release\mfc_yolov8.tlog\cl.command.1.tlog
c:\users\jiyoung\desktop\kvn\mfc_yolov8\mfc_yolov8\x64\release\mfc_yolov8.tlog\cl.read.1.tlog
c:\users\jiyoung\desktop\kvn\mfc_yolov8\mfc_yolov8\x64\release\mfc_yolov8.tlog\cl.write.1.tlog
c:\users\jiyoung\desktop\kvn\mfc_yolov8\mfc_yolov8\x64\release\mfc_yolov8.tlog\link.command.1.tlog
c:\users\jiyoung\desktop\kvn\mfc_yolov8\mfc_yolov8\x64\release\mfc_yolov8.tlog\link.read.1.tlog
c:\users\jiyoung\desktop\kvn\mfc_yolov8\mfc_yolov8\x64\release\mfc_yolov8.tlog\link.write.1.tlog
c:\users\jiyoung\desktop\kvn\mfc_yolov8\mfc_yolov8\x64\release\mfc_yolov8.tlog\mfc_yolov8.write.1u.tlog
c:\users\jiyoung\desktop\kvn\mfc_yolov8\mfc_yolov8\x64\release\mfc_yolov8.tlog\rc.command.1.tlog
c:\users\jiyoung\desktop\kvn\mfc_yolov8\mfc_yolov8\x64\release\mfc_yolov8.tlog\rc.read.1.tlog
c:\users\jiyoung\desktop\kvn\mfc_yolov8\mfc_yolov8\x64\release\mfc_yolov8.tlog\rc.write.1.tlog
